d:\source\11. 프로그래밍\video\video stitching - kalman\newsr(20140106)\debug\imageprocessing.pch
d:\source\11. 프로그래밍\video\video stitching - kalman\newsr(20140106)\debug\vc120.pdb
d:\source\11. 프로그래밍\video\video stitching - kalman\newsr(20140106)\debug\vc120.idb
d:\source\11. 프로그래밍\video\video stitching - kalman\newsr(20140106)\debug\stdafx.sbr
d:\source\11. 프로그래밍\video\video stitching - kalman\newsr(20140106)\debug\stdafx.obj
d:\source\11. 프로그래밍\video\video stitching - kalman\newsr(20140106)\debug\yuvoptiondlg.sbr
d:\source\11. 프로그래밍\video\video stitching - kalman\newsr(20140106)\debug\videostitch.sbr
d:\source\11. 프로그래밍\video\video stitching - kalman\newsr(20140106)\debug\thresholdingdlg.sbr
d:\source\11. 프로그래밍\video\video stitching - kalman\newsr(20140106)\debug\stitchbasic.sbr
d:\source\11. 프로그래밍\video\video stitching - kalman\newsr(20140106)\debug\stitch.sbr
d:\source\11. 프로그래밍\video\video stitching - kalman\newsr(20140106)\debug\sr.sbr
d:\source\11. 프로그래밍\video\video stitching - kalman\newsr(20140106)\debug\savescreenopt.sbr
d:\source\11. 프로그래밍\video\video stitching - kalman\newsr(20140106)\debug\myfruc.sbr
d:\source\11. 프로그래밍\video\video stitching - kalman\newsr(20140106)\debug\mesh.sbr
d:\source\11. 프로그래밍\video\video stitching - kalman\newsr(20140106)\debug\mainfrm.sbr
d:\source\11. 프로그래밍\video\video stitching - kalman\newsr(20140106)\debug\imageprocessingview.sbr
d:\source\11. 프로그래밍\video\video stitching - kalman\newsr(20140106)\debug\imageprocessingdoc.sbr
d:\source\11. 프로그래밍\video\video stitching - kalman\newsr(20140106)\debug\imageprocessing.sbr
d:\source\11. 프로그래밍\video\video stitching - kalman\newsr(20140106)\debug\image.sbr
d:\source\11. 프로그래밍\video\video stitching - kalman\newsr(20140106)\debug\fruc.sbr
d:\source\11. 프로그래밍\video\video stitching - kalman\newsr(20140106)\debug\cubic3d.sbr
d:\source\11. 프로그래밍\video\video stitching - kalman\newsr(20140106)\debug\cooldialogbar.sbr
d:\source\11. 프로그래밍\video\video stitching - kalman\newsr(20140106)\debug\childfrm.sbr
d:\source\11. 프로그래밍\video\video stitching - kalman\newsr(20140106)\debug\chap5.sbr
d:\source\11. 프로그래밍\video\video stitching - kalman\newsr(20140106)\debug\chap5.obj
d:\source\11. 프로그래밍\video\video stitching - kalman\newsr(20140106)\debug\childfrm.obj
d:\source\11. 프로그래밍\video\video stitching - kalman\newsr(20140106)\debug\cooldialogbar.obj
d:\source\11. 프로그래밍\video\video stitching - kalman\newsr(20140106)\debug\cubic3d.obj
d:\source\11. 프로그래밍\video\video stitching - kalman\newsr(20140106)\debug\fruc.obj
d:\source\11. 프로그래밍\video\video stitching - kalman\newsr(20140106)\debug\image.obj
d:\source\11. 프로그래밍\video\video stitching - kalman\newsr(20140106)\debug\imageprocessing.obj
d:\source\11. 프로그래밍\video\video stitching - kalman\newsr(20140106)\debug\imageprocessingdoc.obj
d:\source\11. 프로그래밍\video\video stitching - kalman\newsr(20140106)\debug\imageprocessingview.obj
d:\source\11. 프로그래밍\video\video stitching - kalman\newsr(20140106)\debug\mainfrm.obj
d:\source\11. 프로그래밍\video\video stitching - kalman\newsr(20140106)\debug\mesh.obj
d:\source\11. 프로그래밍\video\video stitching - kalman\newsr(20140106)\debug\myfruc.obj
d:\source\11. 프로그래밍\video\video stitching - kalman\newsr(20140106)\debug\savescreenopt.obj
d:\source\11. 프로그래밍\video\video stitching - kalman\newsr(20140106)\debug\sr.obj
d:\source\11. 프로그래밍\video\video stitching - kalman\newsr(20140106)\debug\stitch.obj
d:\source\11. 프로그래밍\video\video stitching - kalman\newsr(20140106)\debug\stitchbasic.obj
d:\source\11. 프로그래밍\video\video stitching - kalman\newsr(20140106)\debug\thresholdingdlg.obj
d:\source\11. 프로그래밍\video\video stitching - kalman\newsr(20140106)\debug\videostitch.obj
d:\source\11. 프로그래밍\video\video stitching - kalman\newsr(20140106)\debug\yuvoptiondlg.obj
d:\source\11. 프로그래밍\video\video stitching - kalman\newsr(20140106)\debug\chap4.sbr
d:\source\11. 프로그래밍\video\video stitching - kalman\newsr(20140106)\debug\chap3.sbr
d:\source\11. 프로그래밍\video\video stitching - kalman\newsr(20140106)\debug\chap2.sbr
d:\source\11. 프로그래밍\video\video stitching - kalman\newsr(20140106)\debug\bpn.sbr
d:\source\11. 프로그래밍\video\video stitching - kalman\newsr(20140106)\debug\bpn.obj
d:\source\11. 프로그래밍\video\video stitching - kalman\newsr(20140106)\debug\chap2.obj
d:\source\11. 프로그래밍\video\video stitching - kalman\newsr(20140106)\debug\chap3.obj
d:\source\11. 프로그래밍\video\video stitching - kalman\newsr(20140106)\debug\chap4.obj
d:\source\11. 프로그래밍\video\video stitching - kalman\newsr(20140106)\debug\imageprocessing.tlog\cl.command.1.tlog
d:\source\11. 프로그래밍\video\video stitching - kalman\newsr(20140106)\debug\imageprocessing.tlog\cl.read.1.tlog
d:\source\11. 프로그래밍\video\video stitching - kalman\newsr(20140106)\debug\imageprocessing.tlog\cl.write.1.tlog
