  Application.cpp
Application.cpp(55): error C2143: 구문 오류 : '}'이(가) '{' 앞에 없습니다.
Application.cpp(55): error C2143: 구문 오류 : ';'이(가) '{' 앞에 없습니다.
Application.cpp(55): error C2143: 구문 오류 : ';'이(가) '}' 앞에 없습니다.
Application.cpp(55): error C2143: 구문 오류 : ';'이(가) ',' 앞에 없습니다.
Application.cpp(56): error C2143: 구문 오류 : ';'이(가) '{' 앞에 없습니다.
Application.cpp(56): error C3867: 'CApplication::OnFolderSel': 함수 호출에 인수 목록이 없습니다. '&CApplication::OnFolderSel'을(를) 사용하여 멤버에 대한 포인터를 만드십시오.
Application.cpp(56): error C2143: 구문 오류 : ';'이(가) '}' 앞에 없습니다.
Application.cpp(56): error C2143: 구문 오류 : ';'이(가) ',' 앞에 없습니다.
Application.cpp(57): error C2143: 구문 오류 : ';'이(가) '{' 앞에 없습니다.
Application.cpp(57): error C3867: 'CApplication::OnFileSel': 함수 호출에 인수 목록이 없습니다. '&CApplication::OnFileSel'을(를) 사용하여 멤버에 대한 포인터를 만드십시오.
Application.cpp(57): error C2143: 구문 오류 : ';'이(가) '}' 앞에 없습니다.
Application.cpp(57): error C2143: 구문 오류 : ';'이(가) ',' 앞에 없습니다.
Application.cpp(58): error C2143: 구문 오류 : ';'이(가) '{' 앞에 없습니다.
Application.cpp(58): error C3867: 'CApplication::OnCancel': 함수 호출에 인수 목록이 없습니다. '&CApplication::OnCancel'을(를) 사용하여 멤버에 대한 포인터를 만드십시오.
Application.cpp(58): error C2143: 구문 오류 : ';'이(가) '}' 앞에 없습니다.
Application.cpp(58): error C2143: 구문 오류 : ';'이(가) ',' 앞에 없습니다.
Application.cpp(59): error C2143: 구문 오류 : ';'이(가) '{' 앞에 없습니다.
Application.cpp(59): error C3867: 'CApplication::OnBpnExRun': 함수 호출에 인수 목록이 없습니다. '&CApplication::OnBpnExRun'을(를) 사용하여 멤버에 대한 포인터를 만드십시오.
Application.cpp(59): error C2143: 구문 오류 : ';'이(가) '}' 앞에 없습니다.
Application.cpp(59): error C2143: 구문 오류 : ';'이(가) ',' 앞에 없습니다.
Application.cpp(61): error C2143: 구문 오류 : ';'이(가) '{' 앞에 없습니다.
Application.cpp(61): error C2143: 구문 오류 : ';'이(가) '}' 앞에 없습니다.
Application.cpp(61): error C2653: 'TheBaseClass' : 클래스 또는 네임스페이스 이름이 아닙니다.
Application.cpp(61): error C2065: 'GetThisMessageMap' : 선언되지 않은 식별자입니다.
Application.cpp(61): error C2065: '_messageEntries' : 선언되지 않은 식별자입니다.
Application.cpp(61): fatal error C1903: 이전 오류를 복구할 수 없습니다. 컴파일이 중지됩니다.
  MainProcessDlg.cpp
D:\opencv\build\include\opencv2\gpu\gpu.hpp(1821): warning C4819: 현재 코드 페이지(949)에서 표시할 수 없는 문자가 파일에 들어 있습니다. 데이터가 손실되지 않게 하려면 해당 파일을 유니코드 형식으로 저장하십시오.
MainProcessDlg.cpp(167): error C2143: 구문 오류 : '}'이(가) '{' 앞에 없습니다.
MainProcessDlg.cpp(167): error C2143: 구문 오류 : ';'이(가) '{' 앞에 없습니다.
MainProcessDlg.cpp(167): error C3867: 'CMainProcessDlg::OnDblclkFileList': 함수 호출에 인수 목록이 없습니다. '&CMainProcessDlg::OnDblclkFileList'을(를) 사용하여 멤버에 대한 포인터를 만드십시오.
MainProcessDlg.cpp(167): error C2143: 구문 오류 : ';'이(가) '}' 앞에 없습니다.
MainProcessDlg.cpp(167): error C2143: 구문 오류 : ';'이(가) ',' 앞에 없습니다.
MainProcessDlg.cpp(168): error C2143: 구문 오류 : ';'이(가) '{' 앞에 없습니다.
MainProcessDlg.cpp(168): error C3867: 'CMainProcessDlg::OnPause': 함수 호출에 인수 목록이 없습니다. '&CMainProcessDlg::OnPause'을(를) 사용하여 멤버에 대한 포인터를 만드십시오.
MainProcessDlg.cpp(168): error C2143: 구문 오류 : ';'이(가) '}' 앞에 없습니다.
MainProcessDlg.cpp(168): error C2143: 구문 오류 : ';'이(가) ',' 앞에 없습니다.
MainProcessDlg.cpp(169): error C2143: 구문 오류 : ';'이(가) '{' 앞에 없습니다.
MainProcessDlg.cpp(169): error C3867: 'CMainProcessDlg::OnSelFolder2': 함수 호출에 인수 목록이 없습니다. '&CMainProcessDlg::OnSelFolder2'을(를) 사용하여 멤버에 대한 포인터를 만드십시오.
MainProcessDlg.cpp(169): error C2143: 구문 오류 : ';'이(가) '}' 앞에 없습니다.
MainProcessDlg.cpp(169): error C2143: 구문 오류 : ';'이(가) ',' 앞에 없습니다.
MainProcessDlg.cpp(170): error C2143: 구문 오류 : ';'이(가) '{' 앞에 없습니다.
MainProcessDlg.cpp(170): error C3867: 'CMainProcessDlg::OnGrab': 함수 호출에 인수 목록이 없습니다. '&CMainProcessDlg::OnGrab'을(를) 사용하여 멤버에 대한 포인터를 만드십시오.
MainProcessDlg.cpp(170): error C2143: 구문 오류 : ';'이(가) '}' 앞에 없습니다.
MainProcessDlg.cpp(170): error C2143: 구문 오류 : ';'이(가) ',' 앞에 없습니다.
MainProcessDlg.cpp(171): error C2143: 구문 오류 : ';'이(가) '{' 앞에 없습니다.
MainProcessDlg.cpp(171): error C2143: 구문 오류 : ';'이(가) '}' 앞에 없습니다.
MainProcessDlg.cpp(171): error C2143: 구문 오류 : ';'이(가) ',' 앞에 없습니다.
MainProcessDlg.cpp(172): error C2143: 구문 오류 : ';'이(가) '{' 앞에 없습니다.
MainProcessDlg.cpp(172): error C3867: 'CMainProcessDlg::OnVs': 함수 호출에 인수 목록이 없습니다. '&CMainProcessDlg::OnVs'을(를) 사용하여 멤버에 대한 포인터를 만드십시오.
MainProcessDlg.cpp(172): error C2143: 구문 오류 : ';'이(가) '}' 앞에 없습니다.
MainProcessDlg.cpp(172): error C2143: 구문 오류 : ';'이(가) ',' 앞에 없습니다.
MainProcessDlg.cpp(173): error C2143: 구문 오류 : ';'이(가) '{' 앞에 없습니다.
MainProcessDlg.cpp(173): error C3867: 'CMainProcessDlg::OnCamOn': 함수 호출에 인수 목록이 없습니다. '&CMainProcessDlg::OnCamOn'을(를) 사용하여 멤버에 대한 포인터를 만드십시오.
MainProcessDlg.cpp(173): error C2143: 구문 오류 : ';'이(가) '}' 앞에 없습니다.
MainProcessDlg.cpp(173): error C2143: 구문 오류 : ';'이(가) ',' 앞에 없습니다.
MainProcessDlg.cpp(174): error C2143: 구문 오류 : ';'이(가) '{' 앞에 없습니다.
MainProcessDlg.cpp(174): error C3867: 'CMainProcessDlg::OnResetGNum': 함수 호출에 인수 목록이 없습니다. '&CMainProcessDlg::OnResetGNum'을(를) 사용하여 멤버에 대한 포인터를 만드십시오.
MainProcessDlg.cpp(174): error C2143: 구문 오류 : ';'이(가) '}' 앞에 없습니다.
MainProcessDlg.cpp(174): error C2143: 구문 오류 : ';'이(가) ',' 앞에 없습니다.
MainProcessDlg.cpp(175): error C2143: 구문 오류 : ';'이(가) '{' 앞에 없습니다.
MainProcessDlg.cpp(175): error C3867: 'CMainProcessDlg::OnCustomdrawSleep': 함수 호출에 인수 목록이 없습니다. '&CMainProcessDlg::OnCustomdrawSleep'을(를) 사용하여 멤버에 대한 포인터를 만드십시오.
MainProcessDlg.cpp(175): error C2143: 구문 오류 : ';'이(가) '}' 앞에 없습니다.
MainProcessDlg.cpp(175): error C2143: 구문 오류 : ';'이(가) ',' 앞에 없습니다.
MainProcessDlg.cpp(176): error C2143: 구문 오류 : ';'이(가) '{' 앞에 없습니다.
MainProcessDlg.cpp(176): error C3867: 'CMainProcessDlg::OnSelSourceLeft': 함수 호출에 인수 목록이 없습니다. '&CMainProcessDlg::OnSelSourceLeft'을(를) 사용하여 멤버에 대한 포인터를 만드십시오.
MainProcessDlg.cpp(176): error C2143: 구문 오류 : ';'이(가) '}' 앞에 없습니다.
MainProcessDlg.cpp(176): error C2143: 구문 오류 : ';'이(가) ',' 앞에 없습니다.
MainProcessDlg.cpp(177): error C2143: 구문 오류 : ';'이(가) '{' 앞에 없습니다.
MainProcessDlg.cpp(177): error C3867: 'CMainProcessDlg::OnRun': 함수 호출에 인수 목록이 없습니다. '&CMainProcessDlg::OnRun'을(를) 사용하여 멤버에 대한 포인터를 만드십시오.
MainProcessDlg.cpp(177): error C2143: 구문 오류 : ';'이(가) '}' 앞에 없습니다.
MainProcessDlg.cpp(177): error C2143: 구문 오류 : ';'이(가) ',' 앞에 없습니다.
MainProcessDlg.cpp(178): error C2143: 구문 오류 : ';'이(가) '{' 앞에 없습니다.
MainProcessDlg.cpp(178): error C3867: 'CMainProcessDlg::OnSaveScreen': 함수 호출에 인수 목록이 없습니다. '&CMainProcessDlg::OnSaveScreen'을(를) 사용하여 멤버에 대한 포인터를 만드십시오.
MainProcessDlg.cpp(178): error C2143: 구문 오류 : ';'이(가) '}' 앞에 없습니다.
MainProcessDlg.cpp(178): error C2143: 구문 오류 : ';'이(가) ',' 앞에 없습니다.
MainProcessDlg.cpp(180): error C2143: 구문 오류 : ';'이(가) '{' 앞에 없습니다.
MainProcessDlg.cpp(180): error C2143: 구문 오류 : ';'이(가) '}' 앞에 없습니다.
MainProcessDlg.cpp(180): error C2143: 구문 오류 : ';'이(가) ',' 앞에 없습니다.
MainProcessDlg.cpp(181): error C2143: 구문 오류 : ';'이(가) '{' 앞에 없습니다.
MainProcessDlg.cpp(181): error C2143: 구문 오류 : ';'이(가) '}' 앞에 없습니다.
MainProcessDlg.cpp(181): error C2653: 'TheBaseClass' : 클래스 또는 네임스페이스 이름이 아닙니다.
MainProcessDlg.cpp(181): error C2065: 'GetThisMessageMap' : 선언되지 않은 식별자입니다.
MainProcessDlg.cpp(181): error C2065: '_messageEntries' : 선언되지 않은 식별자입니다.
MainProcessDlg.cpp(181): fatal error C1903: 이전 오류를 복구할 수 없습니다. 컴파일이 중지됩니다.
  코드를 생성하고 있습니다...
