d:\source\11. 프로그래밍\video\video stitching - kalman\newsr(20140106)\release\imageprocessing.bsc
d:\source\11. 프로그래밍\video\video stitching - kalman\newsr(20140106)\release\imageprocessing.pch
d:\source\11. 프로그래밍\video\video stitching - kalman\newsr(20140106)\release\vc120.pdb
d:\source\11. 프로그래밍\video\video stitching - kalman\newsr(20140106)\release\stdafx.sbr
d:\source\11. 프로그래밍\video\video stitching - kalman\newsr(20140106)\release\stdafx.obj
d:\source\11. 프로그래밍\video\video stitching - kalman\newsr(20140106)\release\application.sbr
d:\source\11. 프로그래밍\video\video stitching - kalman\newsr(20140106)\release\bpn.sbr
d:\source\11. 프로그래밍\video\video stitching - kalman\newsr(20140106)\release\chap2.sbr
d:\source\11. 프로그래밍\video\video stitching - kalman\newsr(20140106)\release\chap3.sbr
d:\source\11. 프로그래밍\video\video stitching - kalman\newsr(20140106)\release\chap4.sbr
d:\source\11. 프로그래밍\video\video stitching - kalman\newsr(20140106)\release\chap5.sbr
d:\source\11. 프로그래밍\video\video stitching - kalman\newsr(20140106)\release\childfrm.sbr
d:\source\11. 프로그래밍\video\video stitching - kalman\newsr(20140106)\release\cooldialogbar.sbr
d:\source\11. 프로그래밍\video\video stitching - kalman\newsr(20140106)\release\cubic3d.sbr
d:\source\11. 프로그래밍\video\video stitching - kalman\newsr(20140106)\release\fruc.sbr
d:\source\11. 프로그래밍\video\video stitching - kalman\newsr(20140106)\release\image.sbr
d:\source\11. 프로그래밍\video\video stitching - kalman\newsr(20140106)\release\imageprocessing.sbr
d:\source\11. 프로그래밍\video\video stitching - kalman\newsr(20140106)\release\imageprocessingdoc.sbr
d:\source\11. 프로그래밍\video\video stitching - kalman\newsr(20140106)\release\imageprocessingview.sbr
d:\source\11. 프로그래밍\video\video stitching - kalman\newsr(20140106)\release\mainfrm.sbr
d:\source\11. 프로그래밍\video\video stitching - kalman\newsr(20140106)\release\mainprocessdlg.sbr
d:\source\11. 프로그래밍\video\video stitching - kalman\newsr(20140106)\release\mesh.sbr
d:\source\11. 프로그래밍\video\video stitching - kalman\newsr(20140106)\release\myfruc.sbr
d:\source\11. 프로그래밍\video\video stitching - kalman\newsr(20140106)\release\savescreenopt.sbr
d:\source\11. 프로그래밍\video\video stitching - kalman\newsr(20140106)\release\sr.sbr
d:\source\11. 프로그래밍\video\video stitching - kalman\newsr(20140106)\release\sr.obj
d:\source\11. 프로그래밍\video\video stitching - kalman\newsr(20140106)\release\savescreenopt.obj
d:\source\11. 프로그래밍\video\video stitching - kalman\newsr(20140106)\release\myfruc.obj
d:\source\11. 프로그래밍\video\video stitching - kalman\newsr(20140106)\release\mesh.obj
d:\source\11. 프로그래밍\video\video stitching - kalman\newsr(20140106)\release\mainprocessdlg.obj
d:\source\11. 프로그래밍\video\video stitching - kalman\newsr(20140106)\release\mainfrm.obj
d:\source\11. 프로그래밍\video\video stitching - kalman\newsr(20140106)\release\imageprocessingview.obj
d:\source\11. 프로그래밍\video\video stitching - kalman\newsr(20140106)\release\imageprocessingdoc.obj
d:\source\11. 프로그래밍\video\video stitching - kalman\newsr(20140106)\release\imageprocessing.obj
d:\source\11. 프로그래밍\video\video stitching - kalman\newsr(20140106)\release\image.obj
d:\source\11. 프로그래밍\video\video stitching - kalman\newsr(20140106)\release\fruc.obj
d:\source\11. 프로그래밍\video\video stitching - kalman\newsr(20140106)\release\cubic3d.obj
d:\source\11. 프로그래밍\video\video stitching - kalman\newsr(20140106)\release\cooldialogbar.obj
d:\source\11. 프로그래밍\video\video stitching - kalman\newsr(20140106)\release\childfrm.obj
d:\source\11. 프로그래밍\video\video stitching - kalman\newsr(20140106)\release\chap5.obj
d:\source\11. 프로그래밍\video\video stitching - kalman\newsr(20140106)\release\chap4.obj
d:\source\11. 프로그래밍\video\video stitching - kalman\newsr(20140106)\release\chap3.obj
d:\source\11. 프로그래밍\video\video stitching - kalman\newsr(20140106)\release\chap2.obj
d:\source\11. 프로그래밍\video\video stitching - kalman\newsr(20140106)\release\bpn.obj
d:\source\11. 프로그래밍\video\video stitching - kalman\newsr(20140106)\release\application.obj
d:\source\11. 프로그래밍\video\video stitching - kalman\newsr(20140106)\release\stitch.sbr
d:\source\11. 프로그래밍\video\video stitching - kalman\newsr(20140106)\release\stitchbasic.sbr
d:\source\11. 프로그래밍\video\video stitching - kalman\newsr(20140106)\release\thresholdingdlg.sbr
d:\source\11. 프로그래밍\video\video stitching - kalman\newsr(20140106)\release\videostitch.sbr
d:\source\11. 프로그래밍\video\video stitching - kalman\newsr(20140106)\release\yuvoptiondlg.sbr
d:\source\11. 프로그래밍\video\video stitching - kalman\newsr(20140106)\release\yuvoptiondlg.obj
d:\source\11. 프로그래밍\video\video stitching - kalman\newsr(20140106)\release\videostitch.obj
d:\source\11. 프로그래밍\video\video stitching - kalman\newsr(20140106)\release\thresholdingdlg.obj
d:\source\11. 프로그래밍\video\video stitching - kalman\newsr(20140106)\release\stitchbasic.obj
d:\source\11. 프로그래밍\video\video stitching - kalman\newsr(20140106)\release\stitch.obj
d:\source\11. 프로그래밍\video\video stitching - kalman\newsr(20140106)\release\imageprocessing.exe
d:\source\11. 프로그래밍\video\video stitching - kalman\newsr(20140106)\release\imageprocessing.res
d:\source\11. 프로그래밍\video\video stitching - kalman\newsr(20140106)\.\release\imageprocessing.exe
d:\source\11. 프로그래밍\video\video stitching - kalman\newsr(20140106)\release\imageprocessing.tlog\bscmake.command.1.tlog
d:\source\11. 프로그래밍\video\video stitching - kalman\newsr(20140106)\release\imageprocessing.tlog\bscmake.read.1.tlog
d:\source\11. 프로그래밍\video\video stitching - kalman\newsr(20140106)\release\imageprocessing.tlog\bscmake.write.1.tlog
d:\source\11. 프로그래밍\video\video stitching - kalman\newsr(20140106)\release\imageprocessing.tlog\cl.command.1.tlog
d:\source\11. 프로그래밍\video\video stitching - kalman\newsr(20140106)\release\imageprocessing.tlog\cl.read.1.tlog
d:\source\11. 프로그래밍\video\video stitching - kalman\newsr(20140106)\release\imageprocessing.tlog\cl.write.1.tlog
d:\source\11. 프로그래밍\video\video stitching - kalman\newsr(20140106)\release\imageprocessing.tlog\link.command.1.tlog
d:\source\11. 프로그래밍\video\video stitching - kalman\newsr(20140106)\release\imageprocessing.tlog\link.read.1.tlog
d:\source\11. 프로그래밍\video\video stitching - kalman\newsr(20140106)\release\imageprocessing.tlog\link.write.1.tlog
d:\source\11. 프로그래밍\video\video stitching - kalman\newsr(20140106)\release\imageprocessing.tlog\rc.command.1.tlog
d:\source\11. 프로그래밍\video\video stitching - kalman\newsr(20140106)\release\imageprocessing.tlog\rc.read.1.tlog
d:\source\11. 프로그래밍\video\video stitching - kalman\newsr(20140106)\release\imageprocessing.tlog\rc.write.1.tlog
